<?xml version="1.0" encoding="UTF-8"?>
<!-- Generated by org.testng.reporters.JUnitReportReporter -->
<testsuite hostname="LAPTOP-NSOK04QR" failures="0" tests="2" name="Cucumber.TestNgTestRunner" time="24.993" errors="2" timestamp="2024-10-03T17:03:18 IST" skipped="0">
  <testcase classname="Cucumber.TestNgTestRunner" name="runScenario" time="13.790">
    <error message="ProductsPage is not initialized" type="java.lang.RuntimeException">
      <![CDATA[java.lang.RuntimeException: ProductsPage is not initialized
at FITA.StepDefinition.stepDefImplementationCOmpleteOrder.i_add_product_to_cart(stepDefImplementationCOmpleteOrder.java:39)
at ✽.I add product to cart(file:///C:/Users/Akram/eclipse-workspace/SeleniumFramework/src/test/java/Cucumber/submitOrder.feature:8)
]]>
    </error>
  </testcase> <!-- runScenario -->
  <system-out/>
  <testcase classname="Cucumber.TestNgTestRunner" name="runScenario" time="11.203">
    <error message="ProductsPage is not initialized" type="java.lang.RuntimeException">
      <![CDATA[java.lang.RuntimeException: ProductsPage is not initialized
at FITA.StepDefinition.stepDefImplementationCOmpleteOrder.i_add_product_to_cart(stepDefImplementationCOmpleteOrder.java:39)
at ✽.I add product to cart(file:///C:/Users/Akram/eclipse-workspace/SeleniumFramework/src/test/java/Cucumber/submitOrder.feature:8)
]]>
    </error>
  </testcase> <!-- runScenario -->
  <system-out/>
</testsuite> <!-- Cucumber.TestNgTestRunner -->
