<?xml version="1.0" encoding="UTF-8"?>
<!-- Generated by org.testng.reporters.JUnitReportReporter -->
<testsuite hostname="LAPTOP-NSOK04QR" failures="0" tests="2" name="FITA.SeleniumFramework.ExtentReport" time="21.238" errors="0" timestamp="2024-09-17T09:30:20 IST" skipped="0">
  <testcase classname="FITA.SeleniumFramework.ExtentReport" name="sampleDemo" time="0.049"/>
  <system-out/>
  <testcase classname="FITA.SeleniumFramework.ExtentReport" name="StandaloneTest" time="21.189"/>
  <system-out/>
</testsuite> <!-- FITA.SeleniumFramework.ExtentReport -->
